
> socketserver@1.0.0 dev
> nodemon index.js

[33m[nodemon] 3.1.11[39m
[33m[nodemon] to restart at any time, enter `rs`[39m
[33m[nodemon] watching path(s): *.*[39m
[33m[nodemon] watching extensions: js,mjs,cjs,json[39m
[32m[nodemon] starting `node index.js`[39m
[dotenv@17.2.3] injecting env (2) from .env -- tip: ✅ audit secrets and track compliance: https://dotenvx.com/ops
server started at 4000
join room with 69ea2a0dd8ddeec82283c9ad
join room with 69ea2a0dd8ddeec82283c9ad
join room with 69ea2a0dd8ddeec82283c9ad
user disconnected DCuD9-6zBcOHH-bNAAAD
user disconnected K5F0mwZNTVrBfeKDAAAB
join room with 69ea2a0dd8ddeec82283c9ad
join room with 69ea2a0dd8ddeec82283c9ad
join room with 69ea2a0dd8ddeec82283c9ad
join room with 69ea2a0dd8ddeec82283c9ad
join room with 69ea2a0dd8ddeec82283c9ad
join room with 69ea2a0dd8ddeec82283c9ad
join room with 69ea2a0dd8ddeec82283c9ad
join room with 69ea2a0dd8ddeec82283c9ad
user disconnected xIrQh5j8ZWdf63y8AAAK
join room with 69ea2a0dd8ddeec82283c9ad
join room with 69ea2a0dd8ddeec82283c9ad
user disconnected KAZMYlIXy0fXAyiWAAAI
user disconnected Xs1VJz_waNsovVUpAAAG
user disconnected Rz45Ngrv6T2ms47xAAAM
[31m[nodemon] app crashed - waiting for file changes before starting...[39m
[32m[nodemon] restarting child process[39m
[32m[nodemon] starting `node index.js`[39m
[dotenv@17.2.3] injecting env (2) from .env -- tip: ✅ audit secrets and track compliance: https://dotenvx.com/ops
server started at 4000
